org.jetbrains.kotlinx.lincheck.LincheckAssertionError:
= The execution has hung, see the thread dump =
Execution scenario (parallel part):
| add(-9) | remove(1) | add(10)   | add(8)  |
| add(-2) |           | remove(3) | add(-2) |
|         |           | add(4)    |         |

Thread-1:
	sun.misc.Unsafe.park(Native Method)
	java.util.concurrent.locks.LockSupport.park(LockSupport.java:304)
	org.jetbrains.kotlinx.lincheck.runner.FixedActiveThreadsExecutor.getTask(FixedActiveThreadsExecutor.kt:181)
	org.jetbrains.kotlinx.lincheck.runner.FixedActiveThreadsExecutor.access$getTask(FixedActiveThreadsExecutor.kt:40)
	org.jetbrains.kotlinx.lincheck.runner.FixedActiveThreadsExecutor$testThreadRunnable$1.run(FixedActiveThreadsExecutor.kt:158)
	java.lang.Thread.run(Thread.java:748)
Thread-2:
	java.lang.System.identityHashCode(Native Method)
	java.util.IdentityHashMap.hash(IdentityHashMap.java:295)
	java.util.IdentityHashMap.put(IdentityHashMap.java:426)
	org.jetbrains.kotlinx.lincheck.strategy.managed.ObjectManager.newLocalObject(ObjectManager.kt:49)
	java.util.concurrent.atomic.AtomicMarkableReference.<init>(AtomicMarkableReference.java:73)
	ru.etu.shakhov.LockFreeSet.add(LockFreeSet.kt:26)
	ru.etu.shakhov.LincheckLockFreeSetTest.add(LincheckLockFreeSetTest.kt:19)
	org.jetbrains.kotlinx.lincheck.runner.TestThreadExecution1337.run(Unknown Source)
	org.jetbrains.kotlinx.lincheck.runner.FixedActiveThreadsExecutor$testThreadRunnable$1.run(FixedActiveThreadsExecutor.kt:163)
	java.lang.Thread.run(Thread.java:748)
Thread-0:
	java.lang.Thread.yield(Native Method)
	org.jetbrains.kotlinx.lincheck.strategy.managed.ManagedStrategy.awaitTurn(ManagedStrategy.kt:363)
	org.jetbrains.kotlinx.lincheck.strategy.managed.ManagedStrategy.switchCurrentThread(ManagedStrategy.kt:373)
	org.jetbrains.kotlinx.lincheck.strategy.managed.ManagedStrategy.switchCurrentThread$default(ManagedStrategy.kt:370)
	org.jetbrains.kotlinx.lincheck.strategy.managed.ManagedStrategy.newSwitchPoint(ManagedStrategy.kt:300)
	org.jetbrains.kotlinx.lincheck.strategy.managed.ManagedStrategy.beforeAtomicMethodCall$lincheck(ManagedStrategy.kt:436)
	ru.etu.shakhov.LockFreeSet.add(LockFreeSet.kt:34)
	ru.etu.shakhov.LincheckLockFreeSetTest.add(LincheckLockFreeSetTest.kt:19)
	org.jetbrains.kotlinx.lincheck.runner.TestThreadExecution1335.run(Unknown Source)
	org.jetbrains.kotlinx.lincheck.runner.FixedActiveThreadsExecutor$testThreadRunnable$1.run(FixedActiveThreadsExecutor.kt:163)
	java.lang.Thread.run(Thread.java:748)
Thread-3:
	java.lang.Thread.yield(Native Method)
	org.jetbrains.kotlinx.lincheck.strategy.managed.ManagedStrategy.awaitTurn(ManagedStrategy.kt:363)
	org.jetbrains.kotlinx.lincheck.strategy.managed.ManagedStrategy.switchCurrentThread(ManagedStrategy.kt:373)
	org.jetbrains.kotlinx.lincheck.strategy.managed.ManagedStrategy.switchCurrentThread$default(ManagedStrategy.kt:370)
	org.jetbrains.kotlinx.lincheck.strategy.managed.ManagedStrategy.newSwitchPoint(ManagedStrategy.kt:300)
	org.jetbrains.kotlinx.lincheck.strategy.managed.ManagedStrategy.beforeAtomicMethodCall$lincheck(ManagedStrategy.kt:436)
	ru.etu.shakhov.LockFreeSet.add(LockFreeSet.kt:26)
	ru.etu.shakhov.LincheckLockFreeSetTest.add(LincheckLockFreeSetTest.kt:19)
	org.jetbrains.kotlinx.lincheck.runner.TestThreadExecution1338.run(Unknown Source)
	org.jetbrains.kotlinx.lincheck.runner.FixedActiveThreadsExecutor$testThreadRunnable$1.run(FixedActiveThreadsExecutor.kt:163)
	java.lang.Thread.run(Thread.java:748)

	at org.jetbrains.kotlinx.lincheck.LinChecker.check(LinChecker.kt:51)
	at org.jetbrains.kotlinx.lincheck.LinChecker$Companion.check(LinChecker.kt:182)
	at ru.etu.shakhov.LincheckLockFreeSetCorrectTest.runTest(LincheckLockFreeSetCorrectTest.kt:51)
	at sun.reflect.NativeMethodAccessorImpl.invoke0(Native Method)
	at sun.reflect.NativeMethodAccessorImpl.invoke(NativeMethodAccessorImpl.java:62)
	at sun.reflect.DelegatingMethodAccessorImpl.invoke(DelegatingMethodAccessorImpl.java:43)
	at java.lang.reflect.Method.invoke(Method.java:498)
	at org.junit.runners.model.FrameworkMethod$1.runReflectiveCall(FrameworkMethod.java:50)
	at org.junit.internal.runners.model.ReflectiveCallable.run(ReflectiveCallable.java:12)
	at org.junit.runners.model.FrameworkMethod.invokeExplosively(FrameworkMethod.java:47)
	at org.junit.internal.runners.statements.InvokeMethod.evaluate(InvokeMethod.java:17)
	at org.junit.runners.ParentRunner.runLeaf(ParentRunner.java:325)
	at org.junit.runners.BlockJUnit4ClassRunner.runChild(BlockJUnit4ClassRunner.java:78)
	at org.junit.runners.BlockJUnit4ClassRunner.runChild(BlockJUnit4ClassRunner.java:57)
	at org.junit.runners.ParentRunner$3.run(ParentRunner.java:290)
	at org.junit.runners.ParentRunner$1.schedule(ParentRunner.java:71)
	at org.junit.runners.ParentRunner.runChildren(ParentRunner.java:288)
	at org.junit.runners.ParentRunner.access$000(ParentRunner.java:58)
	at org.junit.runners.ParentRunner$2.evaluate(ParentRunner.java:268)
	at org.junit.runners.ParentRunner.run(ParentRunner.java:363)
	at org.gradle.api.internal.tasks.testing.junit.JUnitTestClassExecutor.runTestClass(JUnitTestClassExecutor.java:106)
	at org.gradle.api.internal.tasks.testing.junit.JUnitTestClassExecutor.execute(JUnitTestClassExecutor.java:58)
	at org.gradle.api.internal.tasks.testing.junit.JUnitTestClassExecutor.execute(JUnitTestClassExecutor.java:38)
	at org.gradle.api.internal.tasks.testing.junit.AbstractJUnitTestClassProcessor.processTestClass(AbstractJUnitTestClassProcessor.java:66)
	at org.gradle.api.internal.tasks.testing.SuiteTestClassProcessor.processTestClass(SuiteTestClassProcessor.java:51)
	at sun.reflect.NativeMethodAccessorImpl.invoke0(Native Method)
	at sun.reflect.NativeMethodAccessorImpl.invoke(NativeMethodAccessorImpl.java:62)
	at sun.reflect.DelegatingMethodAccessorImpl.invoke(DelegatingMethodAccessorImpl.java:43)
	at java.lang.reflect.Method.invoke(Method.java:498)
	at org.gradle.internal.dispatch.ReflectionDispatch.dispatch(ReflectionDispatch.java:35)
	at org.gradle.internal.dispatch.ReflectionDispatch.dispatch(ReflectionDispatch.java:24)
	at org.gradle.internal.dispatch.ContextClassLoaderDispatch.dispatch(ContextClassLoaderDispatch.java:32)
	at org.gradle.internal.dispatch.ProxyDispatchAdapter$DispatchingInvocationHandler.invoke(ProxyDispatchAdapter.java:93)
	at com.sun.proxy.$Proxy2.processTestClass(Unknown Source)
	at org.gradle.api.internal.tasks.testing.worker.TestWorker.processTestClass(TestWorker.java:117)
	at sun.reflect.NativeMethodAccessorImpl.invoke0(Native Method)
	at sun.reflect.NativeMethodAccessorImpl.invoke(NativeMethodAccessorImpl.java:62)
	at sun.reflect.DelegatingMethodAccessorImpl.invoke(DelegatingMethodAccessorImpl.java:43)
	at java.lang.reflect.Method.invoke(Method.java:498)
	at org.gradle.internal.dispatch.ReflectionDispatch.dispatch(ReflectionDispatch.java:35)
	at org.gradle.internal.dispatch.ReflectionDispatch.dispatch(ReflectionDispatch.java:24)
	at org.gradle.internal.remote.internal.hub.MessageHubBackedObjectConnection$DispatchWrapper.dispatch(MessageHubBackedObjectConnection.java:155)
	at org.gradle.internal.remote.internal.hub.MessageHubBackedObjectConnection$DispatchWrapper.dispatch(MessageHubBackedObjectConnection.java:137)
	at org.gradle.internal.remote.internal.hub.MessageHub$Handler.run(MessageHub.java:404)
	at org.gradle.internal.concurrent.ExecutorPolicy$CatchAndRecordFailures.onExecute(ExecutorPolicy.java:63)
	at org.gradle.internal.concurrent.ManagedExecutorImpl$1.run(ManagedExecutorImpl.java:46)
	at java.util.concurrent.ThreadPoolExecutor.runWorker(ThreadPoolExecutor.java:1149)
	at java.util.concurrent.ThreadPoolExecutor$Worker.run(ThreadPoolExecutor.java:624)
	at org.gradle.internal.concurrent.ThreadFactoryImpl$ManagedThreadRunnable.run(ThreadFactoryImpl.java:55)
	at java.lang.Thread.run(Thread.java:748)